  platform.c
  system.c
  adc.c
  buttons.c
  buzzer.c
  clock.c
  clockvalues.c
  crc.c
  crcCalc.c
  cycleBuffer.c
  dac.c
  debug.c
  delay.c
  display.c
  displays.c
  error.c
  extractor.c
  frame.c
  general.c
  global.c
  host.c
  leds.c
  main.c
  params.c
  parser.c
  peripherals.c
  pins.c
  program.c
  pwms.c
  rtc.c
  spi1.c
  spi2.c
  system_stm32f10x.c
  systick.c
  temperature_sensor.c
  text.c
  timeout.c
  timer3.c
  timer7.c
  usart2.c
  misc.c
  stm32f10x_adc.c
  stm32f10x_bkp.c
  stm32f10x_can.c
  stm32f10x_cec.c
  stm32f10x_crc.c
  stm32f10x_dac.c
  stm32f10x_dbgmcu.c
  stm32f10x_dma.c
  stm32f10x_exti.c
  stm32f10x_flash.c
  stm32f10x_fsmc.c
  stm32f10x_gpio.c
  stm32f10x_i2c.c
  stm32f10x_iwdg.c
  stm32f10x_pwr.c
  stm32f10x_rcc.c
  stm32f10x_rtc.c
  stm32f10x_sdio.c
  stm32f10x_spi.c
  stm32f10x_tim.c
  stm32f10x_usart.c
  stm32f10x_wwdg.c
  core_cm3.c
  startup_stm32f100xe.c
  Linking ../VisualGDB/Debug/EmbeddedProject4...
  ------------------- Memory utilization report -------------------
  Used FLASH: 16KB out of 256KB (6%) [+144]
  Used SRAM: 6540 bytes out of 24KB (26%) [+132]
