c:\users\tb\source\repos\embeddedproject4\visualgdb\debug\embeddedproject4
c:\users\tb\source\repos\embeddedproject4\visualgdb\debug\embeddedproject4.link.rsp
c:\users\tb\source\repos\embeddedproject4\visualgdb\debug\embeddedproject4.mkbin.rsp
c:\users\tb\source\repos\embeddedproject4\visualgdb\debug\embeddedproject4.mkihex.rsp
c:\users\tb\source\repos\embeddedproject4\embeddedproject4\visualgdb\debug\adc.o
c:\users\tb\source\repos\embeddedproject4\embeddedproject4\visualgdb\debug\buttons.o
c:\users\tb\source\repos\embeddedproject4\embeddedproject4\visualgdb\debug\buzzer.o
c:\users\tb\source\repos\embeddedproject4\embeddedproject4\visualgdb\debug\clock.o
c:\users\tb\source\repos\embeddedproject4\embeddedproject4\visualgdb\debug\clockvalues.o
c:\users\tb\source\repos\embeddedproject4\embeddedproject4\visualgdb\debug\core_cm3.o
c:\users\tb\source\repos\embeddedproject4\embeddedproject4\visualgdb\debug\crc.o
c:\users\tb\source\repos\embeddedproject4\embeddedproject4\visualgdb\debug\crccalc.o
c:\users\tb\source\repos\embeddedproject4\embeddedproject4\visualgdb\debug\cyclebuffer.o
c:\users\tb\source\repos\embeddedproject4\embeddedproject4\visualgdb\debug\dac.o
c:\users\tb\source\repos\embeddedproject4\embeddedproject4\visualgdb\debug\debug.o
c:\users\tb\source\repos\embeddedproject4\embeddedproject4\visualgdb\debug\delay.o
c:\users\tb\source\repos\embeddedproject4\embeddedproject4\visualgdb\debug\display.o
c:\users\tb\source\repos\embeddedproject4\embeddedproject4\visualgdb\debug\displays.o
c:\users\tb\source\repos\embeddedproject4\embeddedproject4\visualgdb\debug\error.o
c:\users\tb\source\repos\embeddedproject4\embeddedproject4\visualgdb\debug\extractor.o
c:\users\tb\source\repos\embeddedproject4\embeddedproject4\visualgdb\debug\frame.o
c:\users\tb\source\repos\embeddedproject4\embeddedproject4\visualgdb\debug\general.o
c:\users\tb\source\repos\embeddedproject4\embeddedproject4\visualgdb\debug\global.o
c:\users\tb\source\repos\embeddedproject4\embeddedproject4\visualgdb\debug\host.o
c:\users\tb\source\repos\embeddedproject4\embeddedproject4\visualgdb\debug\leds.o
c:\users\tb\source\repos\embeddedproject4\embeddedproject4\visualgdb\debug\main.o
c:\users\tb\source\repos\embeddedproject4\embeddedproject4\visualgdb\debug\misc.o
c:\users\tb\source\repos\embeddedproject4\embeddedproject4\visualgdb\debug\params.o
c:\users\tb\source\repos\embeddedproject4\embeddedproject4\visualgdb\debug\parser.o
c:\users\tb\source\repos\embeddedproject4\embeddedproject4\visualgdb\debug\peripherals.o
c:\users\tb\source\repos\embeddedproject4\embeddedproject4\visualgdb\debug\pins.o
c:\users\tb\source\repos\embeddedproject4\embeddedproject4\visualgdb\debug\platform.o
c:\users\tb\source\repos\embeddedproject4\embeddedproject4\visualgdb\debug\program.o
c:\users\tb\source\repos\embeddedproject4\embeddedproject4\visualgdb\debug\pwms.o
c:\users\tb\source\repos\embeddedproject4\embeddedproject4\visualgdb\debug\rtc.o
c:\users\tb\source\repos\embeddedproject4\embeddedproject4\visualgdb\debug\spi1.o
c:\users\tb\source\repos\embeddedproject4\embeddedproject4\visualgdb\debug\spi2.o
c:\users\tb\source\repos\embeddedproject4\embeddedproject4\visualgdb\debug\startup_stm32f100xe.o
c:\users\tb\source\repos\embeddedproject4\embeddedproject4\visualgdb\debug\stm32f10x_adc.o
c:\users\tb\source\repos\embeddedproject4\embeddedproject4\visualgdb\debug\stm32f10x_bkp.o
c:\users\tb\source\repos\embeddedproject4\embeddedproject4\visualgdb\debug\stm32f10x_can.o
c:\users\tb\source\repos\embeddedproject4\embeddedproject4\visualgdb\debug\stm32f10x_cec.o
c:\users\tb\source\repos\embeddedproject4\embeddedproject4\visualgdb\debug\stm32f10x_crc.o
c:\users\tb\source\repos\embeddedproject4\embeddedproject4\visualgdb\debug\stm32f10x_dac.o
c:\users\tb\source\repos\embeddedproject4\embeddedproject4\visualgdb\debug\stm32f10x_dbgmcu.o
c:\users\tb\source\repos\embeddedproject4\embeddedproject4\visualgdb\debug\stm32f10x_dma.o
c:\users\tb\source\repos\embeddedproject4\embeddedproject4\visualgdb\debug\stm32f10x_exti.o
c:\users\tb\source\repos\embeddedproject4\embeddedproject4\visualgdb\debug\stm32f10x_flash.o
c:\users\tb\source\repos\embeddedproject4\embeddedproject4\visualgdb\debug\stm32f10x_fsmc.o
c:\users\tb\source\repos\embeddedproject4\embeddedproject4\visualgdb\debug\stm32f10x_gpio.o
c:\users\tb\source\repos\embeddedproject4\embeddedproject4\visualgdb\debug\stm32f10x_i2c.o
c:\users\tb\source\repos\embeddedproject4\embeddedproject4\visualgdb\debug\stm32f10x_iwdg.o
c:\users\tb\source\repos\embeddedproject4\embeddedproject4\visualgdb\debug\stm32f10x_pwr.o
c:\users\tb\source\repos\embeddedproject4\embeddedproject4\visualgdb\debug\stm32f10x_rcc.o
c:\users\tb\source\repos\embeddedproject4\embeddedproject4\visualgdb\debug\stm32f10x_rtc.o
c:\users\tb\source\repos\embeddedproject4\embeddedproject4\visualgdb\debug\stm32f10x_sdio.o
c:\users\tb\source\repos\embeddedproject4\embeddedproject4\visualgdb\debug\stm32f10x_spi.o
c:\users\tb\source\repos\embeddedproject4\embeddedproject4\visualgdb\debug\stm32f10x_tim.o
c:\users\tb\source\repos\embeddedproject4\embeddedproject4\visualgdb\debug\stm32f10x_usart.o
c:\users\tb\source\repos\embeddedproject4\embeddedproject4\visualgdb\debug\stm32f10x_wwdg.o
c:\users\tb\source\repos\embeddedproject4\embeddedproject4\visualgdb\debug\system.o
c:\users\tb\source\repos\embeddedproject4\embeddedproject4\visualgdb\debug\system_stm32f10x.o
c:\users\tb\source\repos\embeddedproject4\embeddedproject4\visualgdb\debug\systick.o
c:\users\tb\source\repos\embeddedproject4\embeddedproject4\visualgdb\debug\temperature_sensor.o
c:\users\tb\source\repos\embeddedproject4\embeddedproject4\visualgdb\debug\text.o
c:\users\tb\source\repos\embeddedproject4\embeddedproject4\visualgdb\debug\timeout.o
c:\users\tb\source\repos\embeddedproject4\embeddedproject4\visualgdb\debug\timer3.o
c:\users\tb\source\repos\embeddedproject4\embeddedproject4\visualgdb\debug\timer7.o
c:\users\tb\source\repos\embeddedproject4\embeddedproject4\visualgdb\debug\usart2.o
c:\users\tb\source\repos\embeddedproject4\embeddedproject4\visualgdb\debug\adc.dep
c:\users\tb\source\repos\embeddedproject4\embeddedproject4\visualgdb\debug\buttons.dep
c:\users\tb\source\repos\embeddedproject4\embeddedproject4\visualgdb\debug\buzzer.dep
c:\users\tb\source\repos\embeddedproject4\embeddedproject4\visualgdb\debug\clock.dep
c:\users\tb\source\repos\embeddedproject4\embeddedproject4\visualgdb\debug\clockvalues.dep
c:\users\tb\source\repos\embeddedproject4\embeddedproject4\visualgdb\debug\core_cm3.dep
c:\users\tb\source\repos\embeddedproject4\embeddedproject4\visualgdb\debug\crc.dep
c:\users\tb\source\repos\embeddedproject4\embeddedproject4\visualgdb\debug\crccalc.dep
c:\users\tb\source\repos\embeddedproject4\embeddedproject4\visualgdb\debug\cyclebuffer.dep
c:\users\tb\source\repos\embeddedproject4\embeddedproject4\visualgdb\debug\dac.dep
c:\users\tb\source\repos\embeddedproject4\embeddedproject4\visualgdb\debug\debug.dep
c:\users\tb\source\repos\embeddedproject4\embeddedproject4\visualgdb\debug\delay.dep
c:\users\tb\source\repos\embeddedproject4\embeddedproject4\visualgdb\debug\display.dep
c:\users\tb\source\repos\embeddedproject4\embeddedproject4\visualgdb\debug\displays.dep
c:\users\tb\source\repos\embeddedproject4\embeddedproject4\visualgdb\debug\error.dep
c:\users\tb\source\repos\embeddedproject4\embeddedproject4\visualgdb\debug\extractor.dep
c:\users\tb\source\repos\embeddedproject4\embeddedproject4\visualgdb\debug\frame.dep
c:\users\tb\source\repos\embeddedproject4\embeddedproject4\visualgdb\debug\general.dep
c:\users\tb\source\repos\embeddedproject4\embeddedproject4\visualgdb\debug\global.dep
c:\users\tb\source\repos\embeddedproject4\embeddedproject4\visualgdb\debug\host.dep
c:\users\tb\source\repos\embeddedproject4\embeddedproject4\visualgdb\debug\leds.dep
c:\users\tb\source\repos\embeddedproject4\embeddedproject4\visualgdb\debug\main.dep
c:\users\tb\source\repos\embeddedproject4\embeddedproject4\visualgdb\debug\misc.dep
c:\users\tb\source\repos\embeddedproject4\embeddedproject4\visualgdb\debug\params.dep
c:\users\tb\source\repos\embeddedproject4\embeddedproject4\visualgdb\debug\parser.dep
c:\users\tb\source\repos\embeddedproject4\embeddedproject4\visualgdb\debug\peripherals.dep
c:\users\tb\source\repos\embeddedproject4\embeddedproject4\visualgdb\debug\pins.dep
c:\users\tb\source\repos\embeddedproject4\embeddedproject4\visualgdb\debug\platform.dep
c:\users\tb\source\repos\embeddedproject4\embeddedproject4\visualgdb\debug\program.dep
c:\users\tb\source\repos\embeddedproject4\embeddedproject4\visualgdb\debug\pwms.dep
c:\users\tb\source\repos\embeddedproject4\embeddedproject4\visualgdb\debug\rtc.dep
c:\users\tb\source\repos\embeddedproject4\embeddedproject4\visualgdb\debug\spi1.dep
c:\users\tb\source\repos\embeddedproject4\embeddedproject4\visualgdb\debug\spi2.dep
c:\users\tb\source\repos\embeddedproject4\embeddedproject4\visualgdb\debug\startup_stm32f100xe.dep
c:\users\tb\source\repos\embeddedproject4\embeddedproject4\visualgdb\debug\stm32f10x_adc.dep
c:\users\tb\source\repos\embeddedproject4\embeddedproject4\visualgdb\debug\stm32f10x_bkp.dep
c:\users\tb\source\repos\embeddedproject4\embeddedproject4\visualgdb\debug\stm32f10x_can.dep
c:\users\tb\source\repos\embeddedproject4\embeddedproject4\visualgdb\debug\stm32f10x_cec.dep
c:\users\tb\source\repos\embeddedproject4\embeddedproject4\visualgdb\debug\stm32f10x_crc.dep
c:\users\tb\source\repos\embeddedproject4\embeddedproject4\visualgdb\debug\stm32f10x_dac.dep
c:\users\tb\source\repos\embeddedproject4\embeddedproject4\visualgdb\debug\stm32f10x_dbgmcu.dep
c:\users\tb\source\repos\embeddedproject4\embeddedproject4\visualgdb\debug\stm32f10x_dma.dep
c:\users\tb\source\repos\embeddedproject4\embeddedproject4\visualgdb\debug\stm32f10x_exti.dep
c:\users\tb\source\repos\embeddedproject4\embeddedproject4\visualgdb\debug\stm32f10x_flash.dep
c:\users\tb\source\repos\embeddedproject4\embeddedproject4\visualgdb\debug\stm32f10x_fsmc.dep
c:\users\tb\source\repos\embeddedproject4\embeddedproject4\visualgdb\debug\stm32f10x_gpio.dep
c:\users\tb\source\repos\embeddedproject4\embeddedproject4\visualgdb\debug\stm32f10x_i2c.dep
c:\users\tb\source\repos\embeddedproject4\embeddedproject4\visualgdb\debug\stm32f10x_iwdg.dep
c:\users\tb\source\repos\embeddedproject4\embeddedproject4\visualgdb\debug\stm32f10x_pwr.dep
c:\users\tb\source\repos\embeddedproject4\embeddedproject4\visualgdb\debug\stm32f10x_rcc.dep
c:\users\tb\source\repos\embeddedproject4\embeddedproject4\visualgdb\debug\stm32f10x_rtc.dep
c:\users\tb\source\repos\embeddedproject4\embeddedproject4\visualgdb\debug\stm32f10x_sdio.dep
c:\users\tb\source\repos\embeddedproject4\embeddedproject4\visualgdb\debug\stm32f10x_spi.dep
c:\users\tb\source\repos\embeddedproject4\embeddedproject4\visualgdb\debug\stm32f10x_tim.dep
c:\users\tb\source\repos\embeddedproject4\embeddedproject4\visualgdb\debug\stm32f10x_usart.dep
c:\users\tb\source\repos\embeddedproject4\embeddedproject4\visualgdb\debug\stm32f10x_wwdg.dep
c:\users\tb\source\repos\embeddedproject4\embeddedproject4\visualgdb\debug\system.dep
c:\users\tb\source\repos\embeddedproject4\embeddedproject4\visualgdb\debug\system_stm32f10x.dep
c:\users\tb\source\repos\embeddedproject4\embeddedproject4\visualgdb\debug\systick.dep
c:\users\tb\source\repos\embeddedproject4\embeddedproject4\visualgdb\debug\temperature_sensor.dep
c:\users\tb\source\repos\embeddedproject4\embeddedproject4\visualgdb\debug\text.dep
c:\users\tb\source\repos\embeddedproject4\embeddedproject4\visualgdb\debug\timeout.dep
c:\users\tb\source\repos\embeddedproject4\embeddedproject4\visualgdb\debug\timer3.dep
c:\users\tb\source\repos\embeddedproject4\embeddedproject4\visualgdb\debug\timer7.dep
c:\users\tb\source\repos\embeddedproject4\embeddedproject4\visualgdb\debug\usart2.dep
c:\users\tb\source\repos\embeddedproject4\embeddedproject4\visualgdb\debug\adc.gcc.rsp
c:\users\tb\source\repos\embeddedproject4\embeddedproject4\visualgdb\debug\buttons.gcc.rsp
c:\users\tb\source\repos\embeddedproject4\embeddedproject4\visualgdb\debug\buzzer.gcc.rsp
c:\users\tb\source\repos\embeddedproject4\embeddedproject4\visualgdb\debug\clock.gcc.rsp
c:\users\tb\source\repos\embeddedproject4\embeddedproject4\visualgdb\debug\clockvalues.gcc.rsp
c:\users\tb\source\repos\embeddedproject4\embeddedproject4\visualgdb\debug\core_cm3.gcc.rsp
c:\users\tb\source\repos\embeddedproject4\embeddedproject4\visualgdb\debug\crc.gcc.rsp
c:\users\tb\source\repos\embeddedproject4\embeddedproject4\visualgdb\debug\crccalc.gcc.rsp
c:\users\tb\source\repos\embeddedproject4\embeddedproject4\visualgdb\debug\cyclebuffer.gcc.rsp
c:\users\tb\source\repos\embeddedproject4\embeddedproject4\visualgdb\debug\dac.gcc.rsp
c:\users\tb\source\repos\embeddedproject4\embeddedproject4\visualgdb\debug\debug.gcc.rsp
c:\users\tb\source\repos\embeddedproject4\embeddedproject4\visualgdb\debug\delay.gcc.rsp
c:\users\tb\source\repos\embeddedproject4\embeddedproject4\visualgdb\debug\display.gcc.rsp
c:\users\tb\source\repos\embeddedproject4\embeddedproject4\visualgdb\debug\displays.gcc.rsp
c:\users\tb\source\repos\embeddedproject4\embeddedproject4\visualgdb\debug\error.gcc.rsp
c:\users\tb\source\repos\embeddedproject4\embeddedproject4\visualgdb\debug\extractor.gcc.rsp
c:\users\tb\source\repos\embeddedproject4\embeddedproject4\visualgdb\debug\frame.gcc.rsp
c:\users\tb\source\repos\embeddedproject4\embeddedproject4\visualgdb\debug\general.gcc.rsp
c:\users\tb\source\repos\embeddedproject4\embeddedproject4\visualgdb\debug\global.gcc.rsp
c:\users\tb\source\repos\embeddedproject4\embeddedproject4\visualgdb\debug\host.gcc.rsp
c:\users\tb\source\repos\embeddedproject4\embeddedproject4\visualgdb\debug\leds.gcc.rsp
c:\users\tb\source\repos\embeddedproject4\embeddedproject4\visualgdb\debug\main.gcc.rsp
c:\users\tb\source\repos\embeddedproject4\embeddedproject4\visualgdb\debug\misc.gcc.rsp
c:\users\tb\source\repos\embeddedproject4\embeddedproject4\visualgdb\debug\params.gcc.rsp
c:\users\tb\source\repos\embeddedproject4\embeddedproject4\visualgdb\debug\parser.gcc.rsp
c:\users\tb\source\repos\embeddedproject4\embeddedproject4\visualgdb\debug\peripherals.gcc.rsp
c:\users\tb\source\repos\embeddedproject4\embeddedproject4\visualgdb\debug\pins.gcc.rsp
c:\users\tb\source\repos\embeddedproject4\embeddedproject4\visualgdb\debug\platform.gcc.rsp
c:\users\tb\source\repos\embeddedproject4\embeddedproject4\visualgdb\debug\program.gcc.rsp
c:\users\tb\source\repos\embeddedproject4\embeddedproject4\visualgdb\debug\pwms.gcc.rsp
c:\users\tb\source\repos\embeddedproject4\embeddedproject4\visualgdb\debug\rtc.gcc.rsp
c:\users\tb\source\repos\embeddedproject4\embeddedproject4\visualgdb\debug\spi1.gcc.rsp
c:\users\tb\source\repos\embeddedproject4\embeddedproject4\visualgdb\debug\spi2.gcc.rsp
c:\users\tb\source\repos\embeddedproject4\embeddedproject4\visualgdb\debug\startup_stm32f100xe.gcc.rsp
c:\users\tb\source\repos\embeddedproject4\embeddedproject4\visualgdb\debug\stm32f10x_adc.gcc.rsp
c:\users\tb\source\repos\embeddedproject4\embeddedproject4\visualgdb\debug\stm32f10x_bkp.gcc.rsp
c:\users\tb\source\repos\embeddedproject4\embeddedproject4\visualgdb\debug\stm32f10x_can.gcc.rsp
c:\users\tb\source\repos\embeddedproject4\embeddedproject4\visualgdb\debug\stm32f10x_cec.gcc.rsp
c:\users\tb\source\repos\embeddedproject4\embeddedproject4\visualgdb\debug\stm32f10x_crc.gcc.rsp
c:\users\tb\source\repos\embeddedproject4\embeddedproject4\visualgdb\debug\stm32f10x_dac.gcc.rsp
c:\users\tb\source\repos\embeddedproject4\embeddedproject4\visualgdb\debug\stm32f10x_dbgmcu.gcc.rsp
c:\users\tb\source\repos\embeddedproject4\embeddedproject4\visualgdb\debug\stm32f10x_dma.gcc.rsp
c:\users\tb\source\repos\embeddedproject4\embeddedproject4\visualgdb\debug\stm32f10x_exti.gcc.rsp
c:\users\tb\source\repos\embeddedproject4\embeddedproject4\visualgdb\debug\stm32f10x_flash.gcc.rsp
c:\users\tb\source\repos\embeddedproject4\embeddedproject4\visualgdb\debug\stm32f10x_fsmc.gcc.rsp
c:\users\tb\source\repos\embeddedproject4\embeddedproject4\visualgdb\debug\stm32f10x_gpio.gcc.rsp
c:\users\tb\source\repos\embeddedproject4\embeddedproject4\visualgdb\debug\stm32f10x_i2c.gcc.rsp
c:\users\tb\source\repos\embeddedproject4\embeddedproject4\visualgdb\debug\stm32f10x_iwdg.gcc.rsp
c:\users\tb\source\repos\embeddedproject4\embeddedproject4\visualgdb\debug\stm32f10x_pwr.gcc.rsp
c:\users\tb\source\repos\embeddedproject4\embeddedproject4\visualgdb\debug\stm32f10x_rcc.gcc.rsp
c:\users\tb\source\repos\embeddedproject4\embeddedproject4\visualgdb\debug\stm32f10x_rtc.gcc.rsp
c:\users\tb\source\repos\embeddedproject4\embeddedproject4\visualgdb\debug\stm32f10x_sdio.gcc.rsp
c:\users\tb\source\repos\embeddedproject4\embeddedproject4\visualgdb\debug\stm32f10x_spi.gcc.rsp
c:\users\tb\source\repos\embeddedproject4\embeddedproject4\visualgdb\debug\stm32f10x_tim.gcc.rsp
c:\users\tb\source\repos\embeddedproject4\embeddedproject4\visualgdb\debug\stm32f10x_usart.gcc.rsp
c:\users\tb\source\repos\embeddedproject4\embeddedproject4\visualgdb\debug\stm32f10x_wwdg.gcc.rsp
c:\users\tb\source\repos\embeddedproject4\embeddedproject4\visualgdb\debug\system.gcc.rsp
c:\users\tb\source\repos\embeddedproject4\embeddedproject4\visualgdb\debug\system_stm32f10x.gcc.rsp
c:\users\tb\source\repos\embeddedproject4\embeddedproject4\visualgdb\debug\systick.gcc.rsp
c:\users\tb\source\repos\embeddedproject4\embeddedproject4\visualgdb\debug\temperature_sensor.gcc.rsp
c:\users\tb\source\repos\embeddedproject4\embeddedproject4\visualgdb\debug\text.gcc.rsp
c:\users\tb\source\repos\embeddedproject4\embeddedproject4\visualgdb\debug\timeout.gcc.rsp
c:\users\tb\source\repos\embeddedproject4\embeddedproject4\visualgdb\debug\timer3.gcc.rsp
c:\users\tb\source\repos\embeddedproject4\embeddedproject4\visualgdb\debug\timer7.gcc.rsp
c:\users\tb\source\repos\embeddedproject4\embeddedproject4\visualgdb\debug\usart2.gcc.rsp
c:\users\tb\source\repos\embeddedproject4\embeddedproject4\visualgdb\debug\embeddedproject4.alldeps
